Traceback (most recent call last):
  File "/opt/homebrew/lib/python3.9/site-packages/jupyter_cache/executors/utils.py", line 51, in single_nb_execution
    executenb(
  File "/opt/homebrew/lib/python3.9/site-packages/nbclient/client.py", line 1112, in execute
    return NotebookClient(nb=nb, resources=resources, km=km, **kwargs).execute()
  File "/opt/homebrew/lib/python3.9/site-packages/nbclient/util.py", line 74, in wrapped
    return just_run(coro(*args, **kwargs))
  File "/opt/homebrew/lib/python3.9/site-packages/nbclient/util.py", line 53, in just_run
    return loop.run_until_complete(coro)
  File "/opt/homebrew/Cellar/python@3.9/3.9.6/Frameworks/Python.framework/Versions/3.9/lib/python3.9/asyncio/base_events.py", line 642, in run_until_complete
    return future.result()
  File "/opt/homebrew/lib/python3.9/site-packages/nbclient/client.py", line 553, in async_execute
    await self.async_execute_cell(
  File "/opt/homebrew/lib/python3.9/site-packages/nbclient/client.py", line 857, in async_execute_cell
    self._check_raise_for_error(cell, exec_reply)
  File "/opt/homebrew/lib/python3.9/site-packages/nbclient/client.py", line 760, in _check_raise_for_error
    raise CellExecutionError.from_cell_and_msg(cell, exec_reply_content)
nbclient.exceptions.CellExecutionError: An error occurred while executing the following cell:
------------------
a = 0.02;  ω = 0.75;
t = range(0, 25, length=500)
f = @. exp((a+1im*ω)*t)

plot(t,real(f),imag(f),xlims=(0,30),ylims=(-2,2),zlims=(-2,2))
plot!(t,real(f),0*t.-1.5)
plot!(t,0*t.+2,imag(f))
plot!(0*t.+30,real(f),imag(f),l=:black)
title!(@sprintf("a = %.2f, ω = %.2f",a,ω))
xlabel!("Time")
ylabel!("Re part")
zlabel!("Im part")
------------------

LoadError: UndefVarError: @sprintf not defined
in expression starting at In[4]:9

Stacktrace:
 [1] top-level scope
   @ :0
 [2] eval
   @ ./boot.jl:360 [inlined]
 [3] include_string(mapexpr::typeof(REPL.softscope), mod::Module, code::String, filename::String)
   @ Base ./loading.jl:1116
LoadError: LoadError: UndefVarError: @sprintf not defined
in expression starting at In[4]:9

